Sjasm Z80 Assembler v0.42c - www.xl2s.tk             [2020.11.11 - 07:43:28]

src/level0.asm
Errors: 0

       1   00:0000                              output "level0.bin"
       2   00:B000                      
       3   00:B000  FE                      db   #fe               ; ID archivo binario, siempre hay que poner el mismo 0FEh
       4   00:B001  00 B0                   dw   INICIO            ; dirección de inicio
       5   00:B003  D0 B0                   dw   FINAL - 1         ; dirección final
       6   00:B005  00 B0                   dw   INICIO             ; dircción del programa de ejecución (para cuando pongas r en bload"nombre_programa", r)
       7   00:B007                      
       8   00:B007                          org #b000 ; o 57344, org se utiliza para decirle al z80 en que posición de memoria RAM empieza nuestro programa en ensamblador
       9   00:B000                      
      10   00:B000                      INICIO:
      11   00:B000  C9                      ret ; el ret es necesario para que vuelva al basic
      12   00:B001                      level0:
      13   00:B001                          db 26,26,26,26,26,26,26,26,26,26,26,26,26,26,26,26
      13   00:B001  1A 1A 1A 1A 1A 1A 1A 1A 1A 1A 1A 1A 1A 1A 1A 1A 
      14   00:B011                          db 26,10,11,26,26,26,26,26,26,26,26,26,10,11,26,26
      14   00:B011  1A 0A 0B 1A 1A 1A 1A 1A 1A 1A 1A 1A 0A 0B 1A 1A 
      15   00:B021                          db 26,26,26,26,26,26,26,26,10,11,26,26,26,26,26,26
      15   00:B021  1A 1A 1A 1A 1A 1A 1A 1A 0A 0B 1A 1A 1A 1A 1A 1A 
      16   00:B031                          db 26,6,7,7,7,7,7,7,7,7,7,7,7,7,9,26
      16   00:B031  1A 06 07 07 07 07 07 07 07 07 07 07 07 07 09 1A 
      17   00:B041                          db 26,26,2,0,2,2,2,2,2,2,2,2,2,2,26,26
      17   00:B041  1A 1A 02 00 02 02 02 02 02 02 02 02 02 02 1A 1A 
      18   00:B051                          db 11,26,2,2,1,2,2,2,2,0,2,1,2,2,26,26
      18   00:B051  0B 1A 02 02 01 02 02 02 02 00 02 01 02 02 1A 1A 
      19   00:B061                          db 26,26,2,16,17,18,33,33,33,33,33,17,18,2,26,26
      19   00:B061  1A 1A 02 10 11 12 21 21 21 21 21 11 12 02 1A 1A 
      20   00:B071                          db 26,26,2,2,2,2,2,2,2,2,2,2,2,2,10,11
      20   00:B071  1A 1A 02 02 02 02 02 02 02 02 02 02 02 02 0A 0B 
      21   00:B081                          db 26,26,2,2,3,2,2,0,2,2,2,3,2,0,26,26
      21   00:B081  1A 1A 02 02 03 02 02 00 02 02 02 03 02 00 1A 1A 
      22   00:B091                          db 26,26,2,2,19,2,2,2,4,5,2,19,2,2,26,26
      22   00:B091  1A 1A 02 02 13 02 02 02 04 05 02 13 02 02 1A 1A 
      23   00:B0A1                          db 26,12,2,2,2,2,2,2,20,21,2,2,2,2,14,26
      23   00:B0A1  1A 0C 02 02 02 02 02 02 14 15 02 02 02 02 0E 1A 
      24   00:B0B1                          db 12,13,13,13,13,13,13,13,13,13,13,13,13,13,13,14
      24   00:B0B1  0C 0D 0D 0D 0D 0D 0D 0D 0D 0D 0D 0D 0D 0D 0D 0E 
      25   00:B0C1                          db 13,13,13,13,13,13,13,13,13,13,13,13,13,13,13,13
      25   00:B0C1  0D 0D 0D 0D 0D 0D 0D 0D 0D 0D 0D 0D 0D 0D 0D 0D 
      26   00:B0D1                          
      27   00:B0D1                      
      28   00:B0D1                      
      29   00:B0D1                      
      30   00:B0D1                      
      31   00:B0D1                      
      32   00:B0D1                      FINAL:

    LABELS
-------------------------------------------------
00:0000B000   INICIO
00:0000B001 X level0
00:0000B0D1   FINAL


 Output: src/level0.out
-------------------------------------------------

 Page: 00
  Org: 0000B000  Size: *  Used: 00000000

    No output

 Output: level0.bin
-------------------------------------------------

 Page: 00
  Org: 0000B000  Size: *  Used: 000000D8

   Address   Length Align   Label
   0000B000     216         INICIO
