Sjasm Z80 Assembler v0.42c - www.xl2s.tk             [2020.11.11 - 07:43:28]

src/level1.asm
Errors: 0

       1   00:0000                              output "level1.bin"
       2   00:B000                      
       3   00:B000  FE                      db   #fe               ; ID archivo binario, siempre hay que poner el mismo 0FEh
       4   00:B001  00 B0                   dw   INICIO            ; dirección de inicio
       5   00:B003  D0 B0                   dw   FINAL - 1         ; dirección final
       6   00:B005  00 B0                   dw   INICIO             ; dircción del programa de ejecución (para cuando pongas r en bload"nombre_programa", r)
       7   00:B007                      
       8   00:B007                          org #b000 ; o 57344, org se utiliza para decirle al z80 en que posición de memoria RAM empieza nuestro programa en ensamblador
       9   00:B000                      
      10   00:B000                      INICIO:
      11   00:B000  C9                      ret ; el ret es necesario para que vuelva al basic
      12   00:B001                      level0:
      13   00:B001                      
      14   00:B001                      
      15   00:B001                          db 27,27,27,27,27,27,27,27,27,27,27,27,27,27,27,27
      15   00:B001  1B 1B 1B 1B 1B 1B 1B 1B 1B 1B 1B 1B 1B 1B 1B 1B 
      16   00:B011                          db 27,27,27,27,27,27,27,27,27,27,27,27,27,27,27,27
      16   00:B011  1B 1B 1B 1B 1B 1B 1B 1B 1B 1B 1B 1B 1B 1B 1B 1B 
      17   00:B021                          db 8,8,8,27,8,8,8,8,8,27,8,8,8,8,8,27
      17   00:B021  08 08 08 1B 08 08 08 08 08 1B 08 08 08 08 08 1B 
      18   00:B031                          db 2,2,2,27,2,2,2,2,2,27,2,2,2,2,2,27
      18   00:B031  02 02 02 1B 02 02 02 02 02 1B 02 02 02 02 02 1B 
      19   00:B041                          db 2,27,2,27,2,27,2,27,2,27,2,27,2,27,2,27
      19   00:B041  02 1B 02 1B 02 1B 02 1B 02 1B 02 1B 02 1B 02 1B 
      20   00:B051                          db 2,2,2,27,2,2,2,2,2,27,2,2,2,2,2,27
      20   00:B051  02 02 02 1B 02 02 02 02 02 1B 02 02 02 02 02 1B 
      21   00:B061                          db 2,27,2,27,2,27,2,27,2,27,2,27,2,27,2,27
      21   00:B061  02 1B 02 1B 02 1B 02 1B 02 1B 02 1B 02 1B 02 1B 
      22   00:B071                          db 2,2,2,27,2,2,2,2,2,27,2,2,2,2,2,27
      22   00:B071  02 02 02 1B 02 02 02 02 02 1B 02 02 02 02 02 1B 
      23   00:B081                          db 35,2,2,27,2,2,35,2,2,27,2,2,35,2,2,27
      23   00:B081  23 02 02 1B 02 02 23 02 02 1B 02 02 23 02 02 1B 
      24   00:B091                          db 13,13,13,13,13,13,13,13,13,13,13,13,13,13,13,13
      24   00:B091  0D 0D 0D 0D 0D 0D 0D 0D 0D 0D 0D 0D 0D 0D 0D 0D 
      25   00:B0A1                          db 13,13,13,13,13,13,13,13,13,13,13,13,13,13,13,13
      25   00:B0A1  0D 0D 0D 0D 0D 0D 0D 0D 0D 0D 0D 0D 0D 0D 0D 0D 
      26   00:B0B1                          db 13,13,13,13,13,13,13,13,13,13,13,13,13,13,13,13
      26   00:B0B1  0D 0D 0D 0D 0D 0D 0D 0D 0D 0D 0D 0D 0D 0D 0D 0D 
      27   00:B0C1                          db 13,13,13,13,13,13,13,13,13,13,13,13,13,13,13,13
      27   00:B0C1  0D 0D 0D 0D 0D 0D 0D 0D 0D 0D 0D 0D 0D 0D 0D 0D 
      28   00:B0D1                      
      29   00:B0D1                      
      30   00:B0D1                      
      31   00:B0D1                      
      32   00:B0D1                      
      33   00:B0D1                      FINAL:

    LABELS
-------------------------------------------------
00:0000B000   INICIO
00:0000B001 X level0
00:0000B0D1   FINAL


 Output: src/level1.out
-------------------------------------------------

 Page: 00
  Org: 0000B000  Size: *  Used: 00000000

    No output

 Output: level1.bin
-------------------------------------------------

 Page: 00
  Org: 0000B000  Size: *  Used: 000000D8

   Address   Length Align   Label
   0000B000     216         INICIO
