Sjasm Z80 Assembler v0.42c - www.xl2s.tk             [2020.11.08 - 21:22:02]

src/level1.asm
Errors: 0

       1   00:0000                              output "level1.bin"
       2   00:9200                      
       3   00:9200  FE                      db   #fe               ; ID archivo binario, siempre hay que poner el mismo 0FEh
       4   00:9201  00 92                   dw   INICIO            ; dirección de inicio
       5   00:9203  00 94                   dw   FINAL - 1         ; dirección final
       6   00:9205  00 92                   dw   INICIO             ; dircción del programa de ejecución (para cuando pongas r en bload"nombre_programa", r)
       7   00:9207                      
       8   00:9207                          org #9200 ; o 57344, org se utiliza para decirle al z80 en que posición de memoria RAM empieza nuestro programa en ensamblador
       9   00:9200                      
      10   00:9200                      INICIO:
      11   00:9200  C9                      ret ; el ret es necesario para que vuelva al basic
      12   00:9201                      level0:
      13   00:9201                      
      14   00:9201                      
      15   00:9201                          db 111,111,111,112,113,85,86,111,111,111,111,111,111,112,113,85,86,111,111,111,111,112,113,85,86,111,111,111,111,112,113,85
      15   00:9201  6F 6F 6F 70 71 55 56 6F 6F 6F 6F 6F 6F 70 71 55 
      15   00:9211  56 6F 6F 6F 6F 70 71 55 56 6F 6F 6F 6F 70 71 55 
      16   00:9221                          db 4,36,36,4,5,85,86,4,5,37,4,36,37,37,5,85,86,4,5,4,5,5,5,85,86,4,4,4,5,4,5,85
      16   00:9221  04 24 24 04 05 55 56 04 05 25 04 24 25 25 05 55 
      16   00:9231  56 04 05 04 05 05 05 55 56 04 04 04 05 04 05 55 
      17   00:9241                          db 4,36,12,4,5,85,86,4,12,37,36,12,36,12,5,85,86,4,12,4,5,12,5,85,86,36,12,4,37,12,5,85
      17   00:9241  04 24 0C 04 05 55 56 04 0C 25 24 0C 24 0C 05 55 
      17   00:9251  56 04 0C 04 05 0C 05 55 56 24 0C 04 25 0C 05 55 
      18   00:9261                          db 4,36,37,4,5,85,86,4,5,37,36,37,37,4,5,85,86,4,5,4,5,37,5,85,86,36,4,4,37,4,5,85
      18   00:9261  04 24 25 04 05 55 56 04 05 25 24 25 25 04 05 55 
      18   00:9271  56 04 05 04 05 25 05 55 56 24 04 04 25 04 05 55 
      19   00:9281                          db 4,36,37,4,5,85,86,4,4,5,36,36,37,4,5,85,86,4,12,4,5,12,5,85,86,36,12,36,37,12,5,85
      19   00:9281  04 24 25 04 05 55 56 04 04 05 24 24 25 04 05 55 
      19   00:9291  56 04 0C 04 05 0C 05 55 56 24 0C 24 25 0C 05 55 
      20   00:92A1                          db 36,12,37,12,5,85,86,36,12,5,36,12,37,12,5,85,86,4,5,4,5,37,37,85,86,36,4,36,37,37,5,85
      20   00:92A1  24 0C 25 0C 05 55 56 24 0C 05 24 0C 25 0C 05 55 
      20   00:92B1  56 04 05 04 05 25 25 55 56 24 04 24 25 25 05 55 
      21   00:92C1                          db 36,37,37,4,5,85,86,4,5,5,36,36,37,5,37,85,86,4,12,5,5,12,37,85,86,36,12,5,36,12,5,85
      21   00:92C1  24 25 25 04 05 55 56 04 05 05 24 24 25 05 25 55 
      21   00:92D1  56 04 0C 05 05 0C 25 55 56 24 0C 05 24 0C 05 55 
      22   00:92E1                          db 36,37,37,4,4,86,86,36,12,5,36,37,4,12,5,85,86,4,36,37,37,37,37,85,86,36,4,5,36,37,5,85
      22   00:92E1  24 25 25 04 04 56 56 24 0C 05 24 25 04 0C 05 55 
      22   00:92F1  56 04 24 25 25 25 25 55 56 24 04 05 24 25 05 55 
      23   00:9301                          db 8,9,10,11,4,86,118,36,37,8,9,10,11,5,5,85,86,4,8,9,10,11,37,85,86,36,8,9,10,11,5,117
      23   00:9301  08 09 0A 0B 04 56 76 24 25 08 09 0A 0B 05 05 55 
      23   00:9311  56 04 08 09 0A 0B 25 55 56 24 08 09 0A 0B 05 75 
      24   00:9321                          db 40,41,42,43,4,85,86,36,37,40,41,42,43,37,37,85,86,36,40,41,42,43,5,85,86,36,40,41,42,43,5,85
      24   00:9321  28 29 2A 2B 04 55 56 24 25 28 29 2A 2B 25 25 55 
      24   00:9331  56 24 28 29 2A 2B 05 55 56 24 28 29 2A 2B 05 55 
      25   00:9341                          db 72,73,74,75,4,85,86,4,4,72,73,74,75,4,5,85,86,4,72,73,74,75,5,85,86,36,72,73,74,75,37,117
      25   00:9341  48 49 4A 4B 04 55 56 04 04 48 49 4A 4B 04 05 55 
      25   00:9351  56 04 48 49 4A 4B 05 55 56 24 48 49 4A 4B 25 75 
      26   00:9361                          db 104,105,106,107,37,117,118,36,36,104,105,106,107,36,37,117,118,36,104,105,106,107,37,117,118,36,104,105,106,107,5,117
      26   00:9361  68 69 6A 6B 25 75 76 24 24 68 69 6A 6B 24 25 75 
      26   00:9371  76 24 68 69 6A 6B 25 75 76 24 68 69 6A 6B 05 75 
      27   00:9381                          db 26,26,26,26,26,26,26,26,26,26,26,26,26,27,26,26,26,26,26,26,27,26,26,26,26,26,26,26,26,26,26,27
      27   00:9381  1A 1A 1A 1A 1A 1A 1A 1A 1A 1A 1A 1A 1A 1B 1A 1A 
      27   00:9391  1A 1A 1A 1A 1B 1A 1A 1A 1A 1A 1A 1A 1A 1A 1A 1B 
      28   00:93A1                          db 58,58,26,27,27,27,27,27,27,27,27,27,27,27,58,58,58,58,58,58,59,58,58,58,58,58,58,58,58,58,26,27
      28   00:93A1  3A 3A 1A 1B 1B 1B 1B 1B 1B 1B 1B 1B 1B 1B 3A 3A 
      28   00:93B1  3A 3A 3A 3A 3B 3A 3A 3A 3A 3A 3A 3A 3A 3A 1A 1B 
      29   00:93C1                          db 26,26,26,26,26,26,26,26,26,26,26,26,26,26,58,59,59,27,27,27,27,27,27,27,27,27,27,27,27,27,27,27
      29   00:93C1  1A 1A 1A 1A 1A 1A 1A 1A 1A 1A 1A 1A 1A 1A 3A 3B 
      29   00:93D1  3B 1B 1B 1B 1B 1B 1B 1B 1B 1B 1B 1B 1B 1B 1B 1B 
      30   00:93E1                          db 58,58,58,58,58,58,58,58,58,58,58,58,58,58,58,58,59,59,59,59,59,59,59,59,59,59,59,59,59,59,59,59
      30   00:93E1  3A 3A 3A 3A 3A 3A 3A 3A 3A 3A 3A 3A 3A 3A 3A 3A 
      30   00:93F1  3B 3B 3B 3B 3B 3B 3B 3B 3B 3B 3B 3B 3B 3B 3B 3B 
      31   00:9401                      
      32   00:9401                      
      33   00:9401                      
      34   00:9401                      
      35   00:9401                      
      36   00:9401                      FINAL:

    LABELS
-------------------------------------------------
00:00009200   INICIO
00:00009201 X level0
00:00009401   FINAL


 Output: src/level1.out
-------------------------------------------------

 Page: 00
  Org: 00009200  Size: *  Used: 00000000

    No output

 Output: level1.bin
-------------------------------------------------

 Page: 00
  Org: 00009200  Size: *  Used: 00000208

   Address   Length Align   Label
   00009200     520         INICIO
