Sjasm Z80 Assembler v0.42c - www.xl2s.tk             [2020.11.13 - 07:39:46]

src/world0.asm
Errors: 0

       1   00:0000                              output "world0.bin"
       2   00:C000                      
       3   00:C000  FE                      db   #fe               ; ID archivo binario, siempre hay que poner el mismo 0FEh
       4   00:C001  00 C0                   dw   INICIO            ; dirección de inicio
       5   00:C003  00 C6                   dw   FINAL - 1         ; dirección final
       6   00:C005  00 C0                   dw   INICIO             ; dircción del programa de ejecución (para cuando pongas r en bload"nombre_programa", r)
       7   00:C007                      
       8   00:C007                          org #c000 ; o 57344, org se utiliza para decirle al z80 en que posición de memoria RAM empieza nuestro programa en ensamblador
       9   00:C000                      
      10   00:C000                      INICIO:
      11   00:C000  C9                      ret ; el ret es necesario para que vuelva al basic
      12   00:C001                      Worl0:
      13   00:C001                          db 22,23,12,13,14,15,16,17,17,17,17,17,17,17,17,17,17,17,17,17,17,17,17,17,17,16,17,50,51,84,84,85
      13   00:C001  16 17 0C 0D 0E 0F 10 11 11 11 11 11 11 11 11 11 
      13   00:C011  11 11 11 11 11 11 11 11 11 10 11 32 33 54 54 55 
      14   00:C021                          db 54,55,44,45,46,47,48,49,49,49,49,49,49,49,49,49,49,49,49,49,49,49,49,49,49,48,49,82,83,20,21,22
      14   00:C021  36 37 2C 2D 2E 2F 30 31 31 31 31 31 31 31 31 31 
      14   00:C031  31 31 31 31 31 31 31 31 31 30 31 52 53 14 15 16 
      15   00:C041                          db 116,84,85,36,4,5,4,38,39,4,4,4,4,4,36,36,0,1,37,37,37,4,4,38,39,4,4,4,5,52,53,54
      15   00:C041  74 54 55 24 04 05 04 26 27 04 04 04 04 04 24 24 
      15   00:C051  00 01 25 25 25 04 04 26 27 04 04 04 05 34 35 36 
      16   00:C061                          db 116,84,85,36,4,64,65,66,67,68,128,129,130,131,132,133,130,131,130,131,132,133,65,66,67,68,69,5,5,84,84,85
      16   00:C061  74 54 55 24 04 40 41 42 43 44 80 81 82 83 84 85 
      16   00:C071  82 83 82 83 84 85 41 42 43 44 45 05 05 54 54 55 
      17   00:C081                          db 21,22,23,36,4,96,97,98,99,100,160,161,162,163,164,165,162,163,162,163,164,165,97,98,99,100,101,4,5,84,20,21
      17   00:C081  15 16 17 24 04 60 61 62 63 64 A0 A1 A2 A3 A4 A5 
      17   00:C091  A2 A3 A2 A3 A4 A5 61 62 63 64 65 04 05 54 14 15 
      18   00:C0A1                          db 53,54,55,36,36,4,5,6,7,5,5,32,33,4,6,7,5,4,4,4,5,4,4,6,7,4,5,4,5,84,52,53
      18   00:C0A1  35 36 37 24 24 04 05 06 07 05 05 20 21 04 06 07 
      18   00:C0B1  05 04 04 04 05 04 04 06 07 04 05 04 05 54 34 35 
      19   00:C0C1                          db 116,117,117,4,36,4,5,38,39,37,37,5,5,5,38,39,37,36,36,36,37,36,36,38,39,36,37,4,5,84,85,85
      19   00:C0C1  74 75 75 04 24 04 05 26 27 25 25 05 05 05 26 27 
      19   00:C0D1  25 24 24 24 25 24 24 26 27 24 25 04 05 54 55 55 
      20   00:C0E1                          db 84,116,117,36,36,4,5,70,71,36,37,37,37,37,70,71,5,8,9,10,11,36,37,70,71,37,5,4,5,84,85,117
      20   00:C0E1  54 74 75 24 24 04 05 46 47 24 25 25 25 25 46 47 
      20   00:C0F1  05 08 09 0A 0B 24 25 46 47 25 05 04 05 54 55 75 
      21   00:C101                          db 116,117,85,36,37,36,37,102,103,37,37,37,37,37,102,103,37,40,41,42,43,37,37,102,103,37,37,5,5,84,84,85
      21   00:C101  74 75 55 24 25 24 25 66 67 25 25 25 25 25 66 67 
      21   00:C111  25 28 29 2A 2B 25 25 66 67 25 25 05 05 54 54 55 
      22   00:C121                          db 84,116,117,4,36,37,37,37,4,4,4,4,4,4,4,4,4,72,73,74,75,37,5,5,5,36,37,37,37,116,84,85
      22   00:C121  54 74 75 04 24 25 25 25 04 04 04 04 04 04 04 04 
      22   00:C131  04 48 49 4A 4B 25 05 05 05 24 25 25 25 74 54 55 
      23   00:C141                          db 116,117,25,36,36,36,36,36,36,36,36,36,36,36,36,36,36,104,105,106,107,37,37,37,37,37,37,37,37,28,116,117
      23   00:C141  74 75 19 24 24 24 24 24 24 24 24 24 24 24 24 24 
      23   00:C151  24 68 69 6A 6B 25 25 25 25 25 25 25 25 1C 74 75 
      24   00:C161                          db 24,25,57,26,26,26,26,26,26,26,26,26,26,26,26,26,26,26,26,26,26,26,26,26,26,26,26,26,26,27,28,29
      24   00:C161  18 19 39 1A 1A 1A 1A 1A 1A 1A 1A 1A 1A 1A 1A 1A 
      24   00:C171  1A 1A 1A 1A 1A 1A 1A 1A 1A 1A 1A 1A 1A 1B 1C 1D 
      25   00:C181                          db 56,57,27,27,27,27,27,27,27,27,27,27,27,27,27,27,27,27,27,27,27,27,27,27,27,27,27,27,27,27,60,61
      25   00:C181  38 39 1B 1B 1B 1B 1B 1B 1B 1B 1B 1B 1B 1B 1B 1B 
      25   00:C191  1B 1B 1B 1B 1B 1B 1B 1B 1B 1B 1B 1B 1B 1B 3C 3D 
      26   00:C1A1                          db 26,27,27,59,59,59,59,59,59,59,26,26,26,26,26,26,26,26,26,26,26,26,26,26,26,26,26,26,26,26,27,27
      26   00:C1A1  1A 1B 1B 3B 3B 3B 3B 3B 3B 3B 1A 1A 1A 1A 1A 1A 
      26   00:C1B1  1A 1A 1A 1A 1A 1A 1A 1A 1A 1A 1A 1A 1A 1A 1B 1B 
      27   00:C1C1                          db 26,26,26,26,26,26,27,27,27,27,27,27,27,27,27,27,27,27,27,27,27,27,27,27,27,27,27,27,27,27,27,59
      27   00:C1C1  1A 1A 1A 1A 1A 1A 1B 1B 1B 1B 1B 1B 1B 1B 1B 1B 
      27   00:C1D1  1B 1B 1B 1B 1B 1B 1B 1B 1B 1B 1B 1B 1B 1B 1B 3B 
      28   00:C1E1                          db 58,58,58,58,58,58,59,59,59,59,59,59,59,59,59,59,59,59,59,59,59,59,59,59,59,59,59,59,59,59,59,59
      28   00:C1E1  3A 3A 3A 3A 3A 3A 3B 3B 3B 3B 3B 3B 3B 3B 3B 3B 
      28   00:C1F1  3B 3B 3B 3B 3B 3B 3B 3B 3B 3B 3B 3B 3B 3B 3B 3B 
      29   00:C201                          ;level2
      30   00:C201                          db 111,111,111,112,113,85,86,111,111,111,111,111,111,112,113,85,86,111,111,111,111,112,113,85,86,111,111,111,111,112,113,85
      30   00:C201  6F 6F 6F 70 71 55 56 6F 6F 6F 6F 6F 6F 70 71 55 
      30   00:C211  56 6F 6F 6F 6F 70 71 55 56 6F 6F 6F 6F 70 71 55 
      31   00:C221                          db 4,36,36,4,5,85,86,4,5,37,4,36,37,37,5,85,86,4,5,4,5,5,5,85,86,4,4,4,5,4,5,85
      31   00:C221  04 24 24 04 05 55 56 04 05 25 04 24 25 25 05 55 
      31   00:C231  56 04 05 04 05 05 05 55 56 04 04 04 05 04 05 55 
      32   00:C241                          db 4,36,12,4,5,85,86,4,12,37,36,12,36,12,5,85,86,4,12,4,5,12,5,85,86,36,12,4,37,12,5,85
      32   00:C241  04 24 0C 04 05 55 56 04 0C 25 24 0C 24 0C 05 55 
      32   00:C251  56 04 0C 04 05 0C 05 55 56 24 0C 04 25 0C 05 55 
      33   00:C261                          db 4,36,37,4,5,85,86,4,5,37,36,37,37,4,5,85,86,4,5,4,5,37,5,85,86,36,4,4,37,4,5,85
      33   00:C261  04 24 25 04 05 55 56 04 05 25 24 25 25 04 05 55 
      33   00:C271  56 04 05 04 05 25 05 55 56 24 04 04 25 04 05 55 
      34   00:C281                          db 4,36,37,4,5,85,86,4,4,5,36,36,37,4,5,85,86,4,12,4,5,12,5,85,86,36,12,36,37,12,5,85
      34   00:C281  04 24 25 04 05 55 56 04 04 05 24 24 25 04 05 55 
      34   00:C291  56 04 0C 04 05 0C 05 55 56 24 0C 24 25 0C 05 55 
      35   00:C2A1                          db 36,12,37,12,5,85,86,36,12,5,36,12,37,12,5,85,86,4,5,4,5,37,37,85,86,36,4,36,37,37,5,85
      35   00:C2A1  24 0C 25 0C 05 55 56 24 0C 05 24 0C 25 0C 05 55 
      35   00:C2B1  56 04 05 04 05 25 25 55 56 24 04 24 25 25 05 55 
      36   00:C2C1                          db 36,37,37,4,5,85,86,4,5,5,36,36,37,5,37,85,86,4,12,5,5,12,37,85,86,36,12,5,36,12,5,85
      36   00:C2C1  24 25 25 04 05 55 56 04 05 05 24 24 25 05 25 55 
      36   00:C2D1  56 04 0C 05 05 0C 25 55 56 24 0C 05 24 0C 05 55 
      37   00:C2E1                          db 36,37,37,4,4,86,86,36,12,5,36,37,4,12,5,85,86,4,36,37,37,37,37,85,86,36,4,5,36,37,5,85
      37   00:C2E1  24 25 25 04 04 56 56 24 0C 05 24 25 04 0C 05 55 
      37   00:C2F1  56 04 24 25 25 25 25 55 56 24 04 05 24 25 05 55 
      38   00:C301                          db 4,5,5,5,4,86,118,36,37,4,4,4,5,5,5,85,86,4,4,4,4,5,37,85,86,36,4,5,5,5,5,117
      38   00:C301  04 05 05 05 04 56 76 24 25 04 04 04 05 05 05 55 
      38   00:C311  56 04 04 04 04 05 25 55 56 24 04 05 05 05 05 75 
      39   00:C321                          db 4,134,135,37,4,85,86,36,37,4,134,135,5,37,37,85,86,36,4,134,135,5,5,85,86,36,4,134,135,5,5,85
      39   00:C321  04 86 87 25 04 55 56 24 25 04 86 87 05 25 25 55 
      39   00:C331  56 24 04 86 87 05 05 55 56 24 04 86 87 05 05 55 
      40   00:C341                          db 4,166,167,5,4,85,86,4,4,4,166,167,5,5,5,85,86,4,4,166,167,5,5,85,86,36,36,166,167,37,37,117
      40   00:C341  04 A6 A7 05 04 55 56 04 04 04 A6 A7 05 05 05 55 
      40   00:C351  56 04 04 A6 A7 05 05 55 56 24 24 A6 A7 25 25 75 
      41   00:C361                          db 27,27,27,27,27,27,27,27,27,27,27,27,27,27,27,27,27,27,27,27,27,27,27,27,27,27,27,26,26,26,26,27
      41   00:C361  1B 1B 1B 1B 1B 1B 1B 1B 1B 1B 1B 1B 1B 1B 1B 1B 
      41   00:C371  1B 1B 1B 1B 1B 1B 1B 1B 1B 1B 1B 1A 1A 1A 1A 1B 
      42   00:C381                          db 59,59,59,59,59,59,59,59,59,59,59,59,59,59,59,59,59,59,59,59,59,59,59,59,59,59,59,58,58,58,58,59
      42   00:C381  3B 3B 3B 3B 3B 3B 3B 3B 3B 3B 3B 3B 3B 3B 3B 3B 
      42   00:C391  3B 3B 3B 3B 3B 3B 3B 3B 3B 3B 3B 3A 3A 3A 3A 3B 
      43   00:C3A1                          db 58,58,26,27,27,27,27,27,27,27,27,27,27,27,58,58,58,58,58,58,59,58,58,58,58,58,58,58,58,58,26,27
      43   00:C3A1  3A 3A 1A 1B 1B 1B 1B 1B 1B 1B 1B 1B 1B 1B 3A 3A 
      43   00:C3B1  3A 3A 3A 3A 3B 3A 3A 3A 3A 3A 3A 3A 3A 3A 1A 1B 
      44   00:C3C1                          db 26,26,26,26,26,26,26,26,26,26,26,26,26,26,58,59,59,27,27,27,27,27,27,27,27,27,27,27,27,27,27,27
      44   00:C3C1  1A 1A 1A 1A 1A 1A 1A 1A 1A 1A 1A 1A 1A 1A 3A 3B 
      44   00:C3D1  3B 1B 1B 1B 1B 1B 1B 1B 1B 1B 1B 1B 1B 1B 1B 1B 
      45   00:C3E1                          db 58,58,58,58,58,58,58,58,58,58,58,58,58,58,58,58,59,59,59,59,59,59,59,59,59,59,59,59,59,59,59,59
      45   00:C3E1  3A 3A 3A 3A 3A 3A 3A 3A 3A 3A 3A 3A 3A 3A 3A 3A 
      45   00:C3F1  3B 3B 3B 3B 3B 3B 3B 3B 3B 3B 3B 3B 3B 3B 3B 3B 
      46   00:C401                          ;level3
      47   00:C401                          db 22,23,12,13,14,15,16,17,17,17,17,17,17,17,17,17,17,17,17,17,17,17,17,17,17,16,17,50,51,84,84,85
      47   00:C401  16 17 0C 0D 0E 0F 10 11 11 11 11 11 11 11 11 11 
      47   00:C411  11 11 11 11 11 11 11 11 11 10 11 32 33 54 54 55 
      48   00:C421                          db 54,55,44,45,46,47,48,49,49,49,49,49,49,49,49,49,49,49,49,49,49,49,49,49,49,48,49,82,83,20,21,22
      48   00:C421  36 37 2C 2D 2E 2F 30 31 31 31 31 31 31 31 31 31 
      48   00:C431  31 31 31 31 31 31 31 31 31 30 31 52 53 14 15 16 
      49   00:C441                          db 116,84,85,36,4,5,4,38,39,4,4,4,4,4,36,36,0,1,37,37,37,4,4,38,39,4,4,4,5,52,53,54
      49   00:C441  74 54 55 24 04 05 04 26 27 04 04 04 04 04 24 24 
      49   00:C451  00 01 25 25 25 04 04 26 27 04 04 04 05 34 35 36 
      50   00:C461                          db 116,84,85,36,4,64,65,66,67,68,128,129,130,131,132,133,130,131,130,131,132,133,65,66,67,68,69,5,5,84,84,85
      50   00:C461  74 54 55 24 04 40 41 42 43 44 80 81 82 83 84 85 
      50   00:C471  82 83 82 83 84 85 41 42 43 44 45 05 05 54 54 55 
      51   00:C481                          db 21,22,23,36,4,96,97,98,99,100,160,161,162,163,164,165,162,163,162,163,164,165,97,98,99,100,101,4,5,84,20,21
      51   00:C481  15 16 17 24 04 60 61 62 63 64 A0 A1 A2 A3 A4 A5 
      51   00:C491  A2 A3 A2 A3 A4 A5 61 62 63 64 65 04 05 54 14 15 
      52   00:C4A1                          db 53,54,55,36,36,4,5,6,7,5,5,32,33,4,6,7,5,4,4,4,5,4,4,6,7,4,5,4,5,84,52,53
      52   00:C4A1  35 36 37 24 24 04 05 06 07 05 05 20 21 04 06 07 
      52   00:C4B1  05 04 04 04 05 04 04 06 07 04 05 04 05 54 34 35 
      53   00:C4C1                          db 116,117,117,4,36,4,5,38,39,37,37,5,5,5,38,39,37,36,36,36,37,36,36,38,39,36,37,4,5,84,85,85
      53   00:C4C1  74 75 75 04 24 04 05 26 27 25 25 05 05 05 26 27 
      53   00:C4D1  25 24 24 24 25 24 24 26 27 24 25 04 05 54 55 55 
      54   00:C4E1                          db 84,116,117,36,36,4,5,70,71,36,37,37,37,37,70,71,5,8,9,10,11,36,37,70,71,37,5,4,5,84,85,117
      54   00:C4E1  54 74 75 24 24 04 05 46 47 24 25 25 25 25 46 47 
      54   00:C4F1  05 08 09 0A 0B 24 25 46 47 25 05 04 05 54 55 75 
      55   00:C501                          db 116,117,85,36,37,36,37,102,103,37,37,37,37,37,102,103,37,40,41,42,43,37,37,102,103,37,37,5,5,84,84,85
      55   00:C501  74 75 55 24 25 24 25 66 67 25 25 25 25 25 66 67 
      55   00:C511  25 28 29 2A 2B 25 25 66 67 25 25 05 05 54 54 55 
      56   00:C521                          db 84,116,117,4,36,37,37,37,4,4,4,4,4,4,4,4,4,72,73,74,75,37,5,5,5,36,37,37,37,116,84,85
      56   00:C521  54 74 75 04 24 25 25 25 04 04 04 04 04 04 04 04 
      56   00:C531  04 48 49 4A 4B 25 05 05 05 24 25 25 25 74 54 55 
      57   00:C541                          db 116,117,25,36,36,36,36,36,36,36,36,36,36,36,36,36,36,104,105,106,107,37,37,37,37,37,37,37,37,28,116,117
      57   00:C541  74 75 19 24 24 24 24 24 24 24 24 24 24 24 24 24 
      57   00:C551  24 68 69 6A 6B 25 25 25 25 25 25 25 25 1C 74 75 
      58   00:C561                          db 24,25,57,26,26,26,26,26,26,26,26,26,26,26,26,26,26,26,26,26,26,26,26,26,26,26,26,26,26,27,28,29
      58   00:C561  18 19 39 1A 1A 1A 1A 1A 1A 1A 1A 1A 1A 1A 1A 1A 
      58   00:C571  1A 1A 1A 1A 1A 1A 1A 1A 1A 1A 1A 1A 1A 1B 1C 1D 
      59   00:C581                          db 56,57,27,27,27,27,27,27,27,27,27,27,27,27,27,27,27,27,27,27,27,27,27,27,27,27,27,27,27,27,60,61
      59   00:C581  38 39 1B 1B 1B 1B 1B 1B 1B 1B 1B 1B 1B 1B 1B 1B 
      59   00:C591  1B 1B 1B 1B 1B 1B 1B 1B 1B 1B 1B 1B 1B 1B 3C 3D 
      60   00:C5A1                          db 26,27,27,59,59,59,59,59,59,59,26,26,26,26,26,26,26,26,26,26,26,26,26,26,26,26,26,26,26,26,27,27
      60   00:C5A1  1A 1B 1B 3B 3B 3B 3B 3B 3B 3B 1A 1A 1A 1A 1A 1A 
      60   00:C5B1  1A 1A 1A 1A 1A 1A 1A 1A 1A 1A 1A 1A 1A 1A 1B 1B 
      61   00:C5C1                          db 26,26,26,26,26,26,27,27,27,27,27,27,27,27,27,27,27,27,27,27,27,27,27,27,27,27,27,27,27,27,27,59
      61   00:C5C1  1A 1A 1A 1A 1A 1A 1B 1B 1B 1B 1B 1B 1B 1B 1B 1B 
      61   00:C5D1  1B 1B 1B 1B 1B 1B 1B 1B 1B 1B 1B 1B 1B 1B 1B 3B 
      62   00:C5E1                          db 58,58,58,58,58,58,59,59,59,59,59,59,59,59,59,59,59,59,59,59,59,59,59,59,59,59,59,59,59,59,59,59
      62   00:C5E1  3A 3A 3A 3A 3A 3A 3B 3B 3B 3B 3B 3B 3B 3B 3B 3B 
      62   00:C5F1  3B 3B 3B 3B 3B 3B 3B 3B 3B 3B 3B 3B 3B 3B 3B 3B 
      63   00:C601                          
      64   00:C601                      
      65   00:C601                      
      66   00:C601                      FINAL:

    LABELS
-------------------------------------------------
00:0000C000   INICIO
00:0000C001 X Worl0
00:0000C601   FINAL


 Output: src/world0.out
-------------------------------------------------

 Page: 00
  Org: 0000C000  Size: *  Used: 00000000

    No output

 Output: world0.bin
-------------------------------------------------

 Page: 00
  Org: 0000C000  Size: *  Used: 00000608

   Address   Length Align   Label
   0000C000    1544         INICIO
