Sjasm Z80 Assembler v0.42c - www.xl2s.tk             [2020.11.07 - 07:22:45]

level1.asm
Errors: 0

       1   00:0000                              output "level1.bin"
       2   00:C000                      
       3   00:C000  FE                      db   #fe               ; ID archivo binario, siempre hay que poner el mismo 0FEh
       4   00:C001  00 C0                   dw   INICIO            ; dirección de inicio
       5   00:C003  00 C2                   dw   FINAL - 1         ; dirección final
       6   00:C005  00 C0                   dw   INICIO             ; dircción del programa de ejecución (para cuando pongas r en bload"nombre_programa", r)
       7   00:C007                      
       8   00:C007                          org #c000 ; o 57344, org se utiliza para decirle al z80 en que posición de memoria RAM empieza nuestro programa en ensamblador
       9   00:C000                      
      10   00:C000                      INICIO:
      11   00:C000  C9                      ret ; el ret es necesario para que vuelva al basic
      12   00:C001                      level0:
      13   00:C001                      
      14   00:C001                      
      15   00:C001                          db 111,111,111,112,113,85,86,111,111,111,111,111,111,112,113,85,86,111,111,111,111,112,113,85,86,111,111,111,111,112,113,85
      15   00:C001  6F 6F 6F 70 71 55 56 6F 6F 6F 6F 6F 6F 70 71 55 
      15   00:C011  56 6F 6F 6F 6F 70 71 55 56 6F 6F 6F 6F 70 71 55 
      16   00:C021                          db 4,36,36,4,5,85,86,4,5,37,4,36,37,37,5,85,86,4,5,4,5,5,5,85,86,4,4,4,5,4,5,85
      16   00:C021  04 24 24 04 05 55 56 04 05 25 04 24 25 25 05 55 
      16   00:C031  56 04 05 04 05 05 05 55 56 04 04 04 05 04 05 55 
      17   00:C041                          db 4,36,12,4,5,85,86,4,12,37,36,12,36,12,5,85,86,4,12,4,5,12,5,85,86,36,12,4,37,12,5,85
      17   00:C041  04 24 0C 04 05 55 56 04 0C 25 24 0C 24 0C 05 55 
      17   00:C051  56 04 0C 04 05 0C 05 55 56 24 0C 04 25 0C 05 55 
      18   00:C061                          db 4,36,37,4,5,85,86,4,5,37,36,37,37,4,5,85,86,4,5,4,5,37,5,85,86,36,4,4,37,4,5,85
      18   00:C061  04 24 25 04 05 55 56 04 05 25 24 25 25 04 05 55 
      18   00:C071  56 04 05 04 05 25 05 55 56 24 04 04 25 04 05 55 
      19   00:C081                          db 4,36,37,4,5,85,86,4,4,5,36,36,37,4,5,85,86,4,12,4,5,12,5,85,86,36,12,36,37,12,5,85
      19   00:C081  04 24 25 04 05 55 56 04 04 05 24 24 25 04 05 55 
      19   00:C091  56 04 0C 04 05 0C 05 55 56 24 0C 24 25 0C 05 55 
      20   00:C0A1                          db 36,12,37,12,5,85,86,36,12,5,36,12,37,12,5,85,86,4,5,4,5,37,37,85,86,36,4,36,37,37,5,85
      20   00:C0A1  24 0C 25 0C 05 55 56 24 0C 05 24 0C 25 0C 05 55 
      20   00:C0B1  56 04 05 04 05 25 25 55 56 24 04 24 25 25 05 55 
      21   00:C0C1                          db 36,37,37,4,5,85,86,4,5,5,36,36,37,5,37,85,86,4,12,5,5,12,37,85,86,36,12,5,36,12,5,85
      21   00:C0C1  24 25 25 04 05 55 56 04 05 05 24 24 25 05 25 55 
      21   00:C0D1  56 04 0C 05 05 0C 25 55 56 24 0C 05 24 0C 05 55 
      22   00:C0E1                          db 36,37,37,4,4,86,86,36,12,5,36,37,4,12,5,85,86,4,36,37,37,37,37,85,86,36,4,5,36,37,5,85
      22   00:C0E1  24 25 25 04 04 56 56 24 0C 05 24 25 04 0C 05 55 
      22   00:C0F1  56 04 24 25 25 25 25 55 56 24 04 05 24 25 05 55 
      23   00:C101                          db 8,9,10,11,4,86,118,36,37,8,9,10,11,5,5,85,86,4,8,9,10,11,37,85,86,36,8,9,10,11,5,117
      23   00:C101  08 09 0A 0B 04 56 76 24 25 08 09 0A 0B 05 05 55 
      23   00:C111  56 04 08 09 0A 0B 25 55 56 24 08 09 0A 0B 05 75 
      24   00:C121                          db 40,41,42,43,4,85,86,36,37,40,41,42,43,37,37,85,86,36,40,41,42,43,5,85,86,36,40,41,42,43,5,85
      24   00:C121  28 29 2A 2B 04 55 56 24 25 28 29 2A 2B 25 25 55 
      24   00:C131  56 24 28 29 2A 2B 05 55 56 24 28 29 2A 2B 05 55 
      25   00:C141                          db 72,73,74,75,4,85,86,4,4,72,73,74,75,4,5,85,86,4,72,73,74,75,5,85,86,36,72,73,74,75,37,117
      25   00:C141  48 49 4A 4B 04 55 56 04 04 48 49 4A 4B 04 05 55 
      25   00:C151  56 04 48 49 4A 4B 05 55 56 24 48 49 4A 4B 25 75 
      26   00:C161                          db 104,105,106,107,37,117,118,36,36,104,105,106,107,36,37,117,118,36,104,105,106,107,37,117,118,36,104,105,106,107,5,117
      26   00:C161  68 69 6A 6B 25 75 76 24 24 68 69 6A 6B 24 25 75 
      26   00:C171  76 24 68 69 6A 6B 25 75 76 24 68 69 6A 6B 05 75 
      27   00:C181                          db 26,26,26,26,26,26,26,26,26,26,26,26,26,27,26,26,26,26,26,26,27,26,26,26,26,26,26,26,26,26,26,27
      27   00:C181  1A 1A 1A 1A 1A 1A 1A 1A 1A 1A 1A 1A 1A 1B 1A 1A 
      27   00:C191  1A 1A 1A 1A 1B 1A 1A 1A 1A 1A 1A 1A 1A 1A 1A 1B 
      28   00:C1A1                          db 58,58,26,27,27,27,27,27,27,27,27,27,27,27,58,58,58,58,58,58,59,58,58,58,58,58,58,58,58,58,26,27
      28   00:C1A1  3A 3A 1A 1B 1B 1B 1B 1B 1B 1B 1B 1B 1B 1B 3A 3A 
      28   00:C1B1  3A 3A 3A 3A 3B 3A 3A 3A 3A 3A 3A 3A 3A 3A 1A 1B 
      29   00:C1C1                          db 26,26,26,26,26,26,26,26,26,26,26,26,26,26,58,59,59,27,27,27,27,27,27,27,27,27,27,27,27,27,27,27
      29   00:C1C1  1A 1A 1A 1A 1A 1A 1A 1A 1A 1A 1A 1A 1A 1A 3A 3B 
      29   00:C1D1  3B 1B 1B 1B 1B 1B 1B 1B 1B 1B 1B 1B 1B 1B 1B 1B 
      30   00:C1E1                          db 58,58,58,58,58,58,58,58,58,58,58,58,58,58,58,58,59,59,59,59,59,59,59,59,59,59,59,59,59,59,59,59
      30   00:C1E1  3A 3A 3A 3A 3A 3A 3A 3A 3A 3A 3A 3A 3A 3A 3A 3A 
      30   00:C1F1  3B 3B 3B 3B 3B 3B 3B 3B 3B 3B 3B 3B 3B 3B 3B 3B 
      31   00:C201                      
      32   00:C201                      
      33   00:C201                      
      34   00:C201                      
      35   00:C201                      
      36   00:C201                      FINAL:

    LABELS
-------------------------------------------------
00:0000C000   INICIO
00:0000C001 X level0
00:0000C201   FINAL


 Output: level1.out
-------------------------------------------------

 Page: 00
  Org: 0000C000  Size: *  Used: 00000000

    No output

 Output: level1.bin
-------------------------------------------------

 Page: 00
  Org: 0000C000  Size: *  Used: 00000208

   Address   Length Align   Label
   0000C000     520         INICIO
