Sjasm Z80 Assembler v0.42c - www.xl2s.tk             [2020.11.07 - 07:22:41]

level0.asm
Errors: 0

       1   00:0000                              output "level0.bin"
       2   00:C000                      
       3   00:C000  FE                      db   #fe               ; ID archivo binario, siempre hay que poner el mismo 0FEh
       4   00:C001  00 C0                   dw   INICIO            ; dirección de inicio
       5   00:C003  00 C2                   dw   FINAL - 1         ; dirección final
       6   00:C005  00 C0                   dw   INICIO             ; dircción del programa de ejecución (para cuando pongas r en bload"nombre_programa", r)
       7   00:C007                      
       8   00:C007                          org #c000 ; o 57344, org se utiliza para decirle al z80 en que posición de memoria RAM empieza nuestro programa en ensamblador
       9   00:C000                      
      10   00:C000                      INICIO:
      11   00:C000  C9                      ret ; el ret es necesario para que vuelva al basic
      12   00:C001                      level0:
      13   00:C001                      
      14   00:C001                          db 22,23,12,13,14,15,16,17,17,17,17,17,17,17,17,17,17,17,17,17,17,17,17,17,17,16,17,50,51,84,84,85
      14   00:C001  16 17 0C 0D 0E 0F 10 11 11 11 11 11 11 11 11 11 
      14   00:C011  11 11 11 11 11 11 11 11 11 10 11 32 33 54 54 55 
      15   00:C021                          db 54,55,44,45,46,47,48,49,49,49,49,49,49,49,49,49,49,49,49,49,49,49,49,49,49,48,49,82,83,20,21,22
      15   00:C021  36 37 2C 2D 2E 2F 30 31 31 31 31 31 31 31 31 31 
      15   00:C031  31 31 31 31 31 31 31 31 31 30 31 52 53 14 15 16 
      16   00:C041                          db 116,84,85,36,4,5,4,38,39,4,4,4,4,4,36,36,0,1,37,37,37,4,4,38,39,4,4,4,5,52,53,54
      16   00:C041  74 54 55 24 04 05 04 26 27 04 04 04 04 04 24 24 
      16   00:C051  00 01 25 25 25 04 04 26 27 04 04 04 05 34 35 36 
      17   00:C061                          db 116,84,85,36,4,64,65,66,67,68,128,129,130,131,132,133,130,131,130,131,132,133,65,66,67,68,69,5,5,84,84,85
      17   00:C061  74 54 55 24 04 40 41 42 43 44 80 81 82 83 84 85 
      17   00:C071  82 83 82 83 84 85 41 42 43 44 45 05 05 54 54 55 
      18   00:C081                          db 21,22,23,36,4,96,97,98,99,100,160,161,162,163,164,165,162,163,162,163,164,165,97,98,99,100,101,4,5,84,20,21
      18   00:C081  15 16 17 24 04 60 61 62 63 64 A0 A1 A2 A3 A4 A5 
      18   00:C091  A2 A3 A2 A3 A4 A5 61 62 63 64 65 04 05 54 14 15 
      19   00:C0A1                          db 53,54,55,36,36,4,5,6,7,5,5,32,33,4,6,7,5,4,4,4,5,4,4,6,7,4,5,4,5,84,52,53
      19   00:C0A1  35 36 37 24 24 04 05 06 07 05 05 20 21 04 06 07 
      19   00:C0B1  05 04 04 04 05 04 04 06 07 04 05 04 05 54 34 35 
      20   00:C0C1                          db 116,117,117,4,36,4,5,38,39,37,37,5,5,5,38,39,37,36,36,36,37,36,36,38,39,36,37,4,5,84,85,85
      20   00:C0C1  74 75 75 04 24 04 05 26 27 25 25 05 05 05 26 27 
      20   00:C0D1  25 24 24 24 25 24 24 26 27 24 25 04 05 54 55 55 
      21   00:C0E1                          db 84,116,117,36,36,4,5,70,71,36,37,37,37,37,70,71,5,8,9,10,11,36,37,70,71,37,5,4,5,84,85,117
      21   00:C0E1  54 74 75 24 24 04 05 46 47 24 25 25 25 25 46 47 
      21   00:C0F1  05 08 09 0A 0B 24 25 46 47 25 05 04 05 54 55 75 
      22   00:C101                          db 116,117,85,36,37,36,37,102,103,37,37,37,37,37,102,103,37,40,41,42,43,37,37,102,103,37,37,5,5,84,84,85
      22   00:C101  74 75 55 24 25 24 25 66 67 25 25 25 25 25 66 67 
      22   00:C111  25 28 29 2A 2B 25 25 66 67 25 25 05 05 54 54 55 
      23   00:C121                          db 84,116,117,4,36,37,37,37,4,4,4,4,4,4,4,4,4,72,73,74,75,37,5,5,5,36,37,37,37,116,84,85
      23   00:C121  54 74 75 04 24 25 25 25 04 04 04 04 04 04 04 04 
      23   00:C131  04 48 49 4A 4B 25 05 05 05 24 25 25 25 74 54 55 
      24   00:C141                          db 116,117,25,36,36,36,36,36,36,36,36,36,36,36,36,36,36,104,105,106,107,37,37,37,37,37,37,37,37,28,116,117
      24   00:C141  74 75 19 24 24 24 24 24 24 24 24 24 24 24 24 24 
      24   00:C151  24 68 69 6A 6B 25 25 25 25 25 25 25 25 1C 74 75 
      25   00:C161                          db 24,25,57,26,26,26,26,26,26,26,26,26,26,26,26,26,26,26,26,26,26,26,26,26,26,26,26,26,26,27,28,29
      25   00:C161  18 19 39 1A 1A 1A 1A 1A 1A 1A 1A 1A 1A 1A 1A 1A 
      25   00:C171  1A 1A 1A 1A 1A 1A 1A 1A 1A 1A 1A 1A 1A 1B 1C 1D 
      26   00:C181                          db 56,57,27,27,27,27,27,27,27,27,27,27,27,27,27,27,27,27,27,27,27,27,27,27,27,27,27,27,27,27,60,61
      26   00:C181  38 39 1B 1B 1B 1B 1B 1B 1B 1B 1B 1B 1B 1B 1B 1B 
      26   00:C191  1B 1B 1B 1B 1B 1B 1B 1B 1B 1B 1B 1B 1B 1B 3C 3D 
      27   00:C1A1                          db 26,27,27,59,59,59,59,59,59,59,26,26,26,26,26,26,26,26,26,26,26,26,26,26,26,26,26,26,26,26,27,27
      27   00:C1A1  1A 1B 1B 3B 3B 3B 3B 3B 3B 3B 1A 1A 1A 1A 1A 1A 
      27   00:C1B1  1A 1A 1A 1A 1A 1A 1A 1A 1A 1A 1A 1A 1A 1A 1B 1B 
      28   00:C1C1                          db 26,26,26,26,26,26,27,27,27,27,27,27,27,27,27,27,27,27,27,27,27,27,27,27,27,27,27,27,27,27,27,59
      28   00:C1C1  1A 1A 1A 1A 1A 1A 1B 1B 1B 1B 1B 1B 1B 1B 1B 1B 
      28   00:C1D1  1B 1B 1B 1B 1B 1B 1B 1B 1B 1B 1B 1B 1B 1B 1B 3B 
      29   00:C1E1                          db 58,58,58,58,58,58,59,59,59,59,59,59,59,59,59,59,59,59,59,59,59,59,59,59,59,59,59,59,59,59,59,59
      29   00:C1E1  3A 3A 3A 3A 3A 3A 3B 3B 3B 3B 3B 3B 3B 3B 3B 3B 
      29   00:C1F1  3B 3B 3B 3B 3B 3B 3B 3B 3B 3B 3B 3B 3B 3B 3B 3B 
      30   00:C201                      
      31   00:C201                          
      32   00:C201                      
      33   00:C201                      
      34   00:C201                      
      35   00:C201                      
      36   00:C201                      
      37   00:C201                      FINAL:

    LABELS
-------------------------------------------------
00:0000C000   INICIO
00:0000C001 X level0
00:0000C201   FINAL


 Output: level0.out
-------------------------------------------------

 Page: 00
  Org: 0000C000  Size: *  Used: 00000000

    No output

 Output: level0.bin
-------------------------------------------------

 Page: 00
  Org: 0000C000  Size: *  Used: 00000208

   Address   Length Align   Label
   0000C000     520         INICIO
