Sjasm Z80 Assembler v0.42c - www.xl2s.tk             [2020.11.06 - 22:17:35]

word0.asm
Errors: 0

       1   00:0000                              output "word0.bin"
       2   00:C000                      
       3   00:C000  FE                      db   #fe               ; ID archivo binario, siempre hay que poner el mismo -1FEh
       4   00:C001  00 C0                   dw   INICIO            ; dirección de inicio
       5   00:C003  00 C3                   dw   FINAL - 1         ; dirección final
       6   00:C005  00 C0                   dw   INICIO             ; dircción del programa de ejecución (para cuando pongas r en bload"nombre_programa", r)
       7   00:C007                      
       8   00:C007                          org #c000 ; o 57344, org se utiliza para decirle al z80 en que posición de memoria RAM empieza nuestro programa en ensamblador
       9   00:C000                      
      10   00:C000                      INICIO:
      11   00:C000  C9                      ret ; el ret es necesario para que vuelva al basic
      12   00:C001                      level0:
      13   00:C001                          db 0,0,0,0,0,0,0,0,0,0,0,0,0,0,0,0,0,0,0,0,0,0,0,0,0,0,0,0,0,0,0,0
      13   00:C001  00 00 00 00 00 00 00 00 00 00 00 00 00 00 00 00 
      13   00:C011  00 00 00 00 00 00 00 00 00 00 00 00 00 00 00 00 
      14   00:C021                          db 0,0,0,0,0,0,0,0,0,0,0,0,0,0,0,0,0,0,0,0,0,0,0,0,0,0,0,0,0,0,0,0
      14   00:C021  00 00 00 00 00 00 00 00 00 00 00 00 00 00 00 00 
      14   00:C031  00 00 00 00 00 00 00 00 00 00 00 00 00 00 00 00 
      15   00:C041                          db 84,84,84,44,45,15,16,15,15,16,15,16,15,16,15,16,15,16,15,15,15,15,15,15,15,15,15,16,51,84,84,85
      15   00:C041  54 54 54 2C 2D 0F 10 0F 0F 10 0F 10 0F 10 0F 10 
      15   00:C051  0F 10 0F 0F 0F 0F 0F 0F 0F 0F 0F 10 33 54 54 55 
      16   00:C061                          db 22,23,84,76,77,47,48,47,47,48,47,48,47,48,47,48,47,48,47,47,47,47,47,47,47,47,47,48,83,116,116,117
      16   00:C061  16 17 54 4C 4D 2F 30 2F 2F 30 2F 30 2F 30 2F 30 
      16   00:C071  2F 30 2F 2F 2F 2F 2F 2F 2F 2F 2F 30 53 74 74 75 
      17   00:C081                          db 54,55,85,4,5,5,36,2,3,36,4,36,36,32,33,4,5,36,32,33,36,36,36,2,3,5,4,4,5,20,21,22
      17   00:C081  36 37 55 04 05 05 24 02 03 24 04 24 24 20 21 04 
      17   00:C091  05 24 20 21 24 24 24 02 03 05 04 04 05 14 15 16 
      18   00:C0A1                          db 116,84,85,4,5,37,36,34,35,4,4,4,4,36,36,36,37,36,36,36,4,36,37,34,35,37,36,4,5,52,53,54
      18   00:C0A1  74 54 55 04 05 25 24 22 23 04 04 04 04 24 24 24 
      18   00:C0B1  25 24 24 24 04 24 25 22 23 25 24 04 05 34 35 36 
      19   00:C0C1                          db 116,84,85,4,5,64,65,66,67,68,128,129,130,131,132,133,128,129,130,131,132,133,65,66,67,68,69,4,5,84,84,85
      19   00:C0C1  74 54 55 04 05 40 41 42 43 44 80 81 82 83 84 85 
      19   00:C0D1  80 81 82 83 84 85 41 42 43 44 45 04 05 54 54 55 
      20   00:C0E1                          db 116,84,85,4,5,96,97,98,99,100,160,161,162,163,164,165,160,161,162,163,164,165,97,98,99,100,101,4,5,84,84,85
      20   00:C0E1  74 54 55 04 05 60 61 62 63 64 A0 A1 A2 A3 A4 A5 
      20   00:C0F1  A0 A1 A2 A3 A4 A5 61 62 63 64 65 04 05 54 54 55 
      21   00:C101                          db 84,84,85,4,4,4,4,4,4,4,4,4,4,4,4,4,4,4,4,4,4,4,4,4,4,4,4,4,5,84,84,85
      21   00:C101  54 54 55 04 04 04 04 04 04 04 04 04 04 04 04 04 
      21   00:C111  04 04 04 04 04 04 04 04 04 04 04 04 05 54 54 55 
      22   00:C121                          db 116,84,85,4,4,5,36,6,7,36,4,5,5,4,5,6,7,5,5,36,36,36,36,6,7,36,36,4,5,84,84,85
      22   00:C121  74 54 55 04 04 05 24 06 07 24 04 05 05 04 05 06 
      22   00:C131  07 05 05 24 24 24 24 06 07 24 24 04 05 54 54 55 
      23   00:C141                          db 116,84,85,36,4,5,4,38,39,4,4,4,4,4,5,38,39,4,4,0,1,4,4,38,39,4,4,4,5,84,84,85
      23   00:C141  74 54 55 24 04 05 04 26 27 04 04 04 04 04 05 26 
      23   00:C151  27 04 04 00 01 04 04 26 27 04 04 04 05 54 54 55 
      24   00:C161                          db 116,84,85,36,4,5,5,70,71,5,5,5,5,4,5,70,71,5,5,32,33,5,5,70,71,5,5,5,5,84,84,85
      24   00:C161  74 54 55 24 04 05 05 46 47 05 05 05 05 04 05 46 
      24   00:C171  47 05 05 20 21 05 05 46 47 05 05 05 05 54 54 55 
      25   00:C181                          db 116,84,85,36,4,4,5,102,103,4,4,0,1,4,5,102,103,4,4,4,4,4,4,102,103,4,4,4,5,84,84,85
      25   00:C181  74 54 55 24 04 04 05 66 67 04 04 00 01 04 05 66 
      25   00:C191  67 04 04 04 04 04 04 66 67 04 04 04 05 54 54 55 
      26   00:C1A1                          db 116,116,117,36,36,4,5,4,5,5,5,32,33,4,4,5,5,4,4,4,5,4,4,4,4,4,5,4,5,84,84,85
      26   00:C1A1  74 74 75 24 24 04 05 04 05 05 05 20 21 04 04 05 
      26   00:C1B1  05 04 04 04 05 04 04 04 04 04 05 04 05 54 54 55 
      27   00:C1C1                          db 116,117,117,4,36,4,5,5,37,37,37,5,5,5,5,5,37,36,36,36,37,36,36,36,36,36,37,4,5,84,85,85
      27   00:C1C1  74 75 75 04 24 04 05 05 25 25 25 05 05 05 05 05 
      27   00:C1D1  25 24 24 24 25 24 24 24 24 24 25 04 05 54 55 55 
      28   00:C1E1                          db 84,116,117,36,36,4,5,5,5,36,37,37,37,37,37,37,5,8,9,10,11,36,37,37,37,37,5,4,5,84,85,117
      28   00:C1E1  54 74 75 24 24 04 05 05 05 24 25 25 25 25 25 25 
      28   00:C1F1  05 08 09 0A 0B 24 25 25 25 25 05 04 05 54 55 75 
      29   00:C201                          db 116,117,85,36,37,36,37,5,37,37,37,37,37,37,37,37,37,40,41,42,43,37,37,37,36,37,37,5,5,84,84,85
      29   00:C201  74 75 55 24 25 24 25 05 25 25 25 25 25 25 25 25 
      29   00:C211  25 28 29 2A 2B 25 25 25 24 25 25 05 05 54 54 55 
      30   00:C221                          db 84,116,117,4,36,37,37,37,4,4,4,4,4,4,4,4,4,72,73,74,75,37,5,5,5,36,37,37,37,116,84,85
      30   00:C221  54 74 75 04 24 25 25 25 04 04 04 04 04 04 04 04 
      30   00:C231  04 48 49 4A 4B 25 05 05 05 24 25 25 25 74 54 55 
      31   00:C241                          db 116,117,25,36,36,36,36,36,36,36,36,36,36,36,36,36,36,104,105,106,107,37,37,37,37,37,37,37,37,28,116,117
      31   00:C241  74 75 19 24 24 24 24 24 24 24 24 24 24 24 24 24 
      31   00:C251  24 68 69 6A 6B 25 25 25 25 25 25 25 25 1C 74 75 
      32   00:C261                          db 24,25,57,26,26,26,26,26,26,26,26,26,26,26,26,26,26,26,26,26,26,26,26,26,26,26,26,26,26,27,28,29
      32   00:C261  18 19 39 1A 1A 1A 1A 1A 1A 1A 1A 1A 1A 1A 1A 1A 
      32   00:C271  1A 1A 1A 1A 1A 1A 1A 1A 1A 1A 1A 1A 1A 1B 1C 1D 
      33   00:C281                          db 56,57,27,27,27,27,27,27,27,27,27,27,27,27,27,27,27,27,27,27,27,27,27,27,27,27,27,27,27,27,60,61
      33   00:C281  38 39 1B 1B 1B 1B 1B 1B 1B 1B 1B 1B 1B 1B 1B 1B 
      33   00:C291  1B 1B 1B 1B 1B 1B 1B 1B 1B 1B 1B 1B 1B 1B 3C 3D 
      34   00:C2A1                          db 26,27,27,59,59,59,59,59,59,59,26,26,26,26,26,26,26,26,26,26,26,26,26,26,26,26,26,26,26,26,27,27
      34   00:C2A1  1A 1B 1B 3B 3B 3B 3B 3B 3B 3B 1A 1A 1A 1A 1A 1A 
      34   00:C2B1  1A 1A 1A 1A 1A 1A 1A 1A 1A 1A 1A 1A 1A 1A 1B 1B 
      35   00:C2C1                          db 26,26,26,26,26,26,27,27,27,27,27,27,27,27,27,27,27,27,27,27,27,27,27,27,27,27,27,27,27,27,27,59
      35   00:C2C1  1A 1A 1A 1A 1A 1A 1B 1B 1B 1B 1B 1B 1B 1B 1B 1B 
      35   00:C2D1  1B 1B 1B 1B 1B 1B 1B 1B 1B 1B 1B 1B 1B 1B 1B 3B 
      36   00:C2E1                          db 58,58,58,58,58,58,59,59,59,59,59,59,59,59,59,59,59,59,59,59,59,59,59,59,59,59,59,59,59,59,59,59
      36   00:C2E1  3A 3A 3A 3A 3A 3A 3B 3B 3B 3B 3B 3B 3B 3B 3B 3B 
      36   00:C2F1  3B 3B 3B 3B 3B 3B 3B 3B 3B 3B 3B 3B 3B 3B 3B 3B 
      37   00:C301                      
      38   00:C301                      
      39   00:C301                      
      40   00:C301                      
      41   00:C301                      
      42   00:C301                      FINAL:

    LABELS
-------------------------------------------------
00:0000C000   INICIO
00:0000C001 X level0
00:0000C301   FINAL


 Output: word0.out
-------------------------------------------------

 Page: 00
  Org: 0000C000  Size: *  Used: 00000000

    No output

 Output: word0.bin
-------------------------------------------------

 Page: 00
  Org: 0000C000  Size: *  Used: 00000308

   Address   Length Align   Label
   0000C000     776         INICIO
